<?xml version="1.0" encoding="UTF-8"?>
<testsuite xmlns:xsi="http://www.w3.org/2001/XMLSchema-instance" xsi:noNamespaceSchemaLocation="https://maven.apache.org/surefire/maven-surefire-plugin/xsd/surefire-test-report-3.0.xsd" version="3.0" name="com.ecommerce.repository.ProductRepositoryTest" time="1.994" tests="13" errors="0" skipped="0" failures="0">
  <properties>
[...]
</properties>
  <testcase name="testSearchProductsByName" classname="com.ecommerce.repository.ProductRepositoryTest" time="0.35">
    <system-out><![CDATA[23:01:29.057 [main] INFO org.springframework.test.context.support.AnnotationConfigContextLoaderUtils -- Could not detect default configuration classes for test class [com.ecommerce.repository.ProductRepositoryTest]: ProductRepositoryTest does not declare any static, non-private, non-final, nested classes annotated with @Configuration.
23:01:29.106 [main] INFO org.springframework.boot.test.context.SpringBootTestContextBootstrapper -- Found @SpringBootConfiguration com.ecommerce.EcommerceApplication for test class com.ecommerce.repository.ProductRepositoryTest

  .   ____          _            __ _ _
 /\\ / ___'_ __ _ _(_)_ __  __ _ \ \ \ \
( ( )\___ | '_ | '_| | '_ \/ _` | \ \ \ \
 \\/  ___)| |_)| | | | | || (_| |  ) ) ) )
  '  |____| .__|_| |_|_| |_\__, | / / / /
 =========|_|==============|___/=/_/_/_/
 :: Spring Boot ::                (v3.2.0)

2025-09-26 23:01:29 - Starting ProductRepositoryTest using Java 21.0.8 with PID 62529 (started by hariparthu in /Users/hariparthu/Desktop/ecom/ecomdeploy)
2025-09-26 23:01:29 - Running with Spring Boot v3.2.0, Spring v6.1.1
2025-09-26 23:01:29 - The following 1 profile is active: "dev"
2025-09-26 23:01:29 - Bootstrapping Spring Data JPA repositories in DEFAULT mode.
2025-09-26 23:01:29 - Finished Spring Data repository scanning in 18 ms. Found 5 JPA repository interfaces.
2025-09-26 23:01:29 - Replacing 'dataSource' DataSource bean with embedded version
2025-09-26 23:01:29 - Starting embedded database: url='jdbc:h2:mem:4c2e2b7b-1b89-4d9f-af7d-205d504a7489;DB_CLOSE_DELAY=-1;DB_CLOSE_ON_EXIT=false', username='sa'
2025-09-26 23:01:29 - HHH000204: Processing PersistenceUnitInfo [name: default]
2025-09-26 23:01:29 - HHH000412: Hibernate ORM core version 6.3.1.Final
2025-09-26 23:01:29 - HHH000026: Second-level cache disabled
2025-09-26 23:01:29 - No LoadTimeWeaver setup: ignoring JPA class transformer
2025-09-26 23:01:29 - HHH90000025: H2Dialect does not need to be specified explicitly using 'hibernate.dialect' (remove the property setting and it will be selected by default)
2025-09-26 23:01:30 - HHH000489: No JTA platform available (set 'hibernate.transaction.jta.platform' to enable JTA platform integration)
2025-09-26 23:01:30 - drop table if exists cart cascade 
Hibernate: drop table if exists cart cascade 
2025-09-26 23:01:30 - drop table if exists order_items cascade 
Hibernate: drop table if exists order_items cascade 
2025-09-26 23:01:30 - drop table if exists orders cascade 
Hibernate: drop table if exists orders cascade 
2025-09-26 23:01:30 - drop table if exists products cascade 
Hibernate: drop table if exists products cascade 
2025-09-26 23:01:30 - drop table if exists users cascade 
Hibernate: drop table if exists users cascade 
2025-09-26 23:01:30 - create table cart (quantity integer not null, id bigint generated by default as identity, product_id bigint not null, user_id bigint not null, primary key (id))
Hibernate: create table cart (quantity integer not null, id bigint generated by default as identity, product_id bigint not null, user_id bigint not null, primary key (id))
2025-09-26 23:01:30 - create table order_items (price numeric(10,2) not null, quantity integer not null, id bigint generated by default as identity, order_id bigint not null, product_id bigint not null, primary key (id))
Hibernate: create table order_items (price numeric(10,2) not null, quantity integer not null, id bigint generated by default as identity, order_id bigint not null, product_id bigint not null, primary key (id))
2025-09-26 23:01:30 - create table orders (total_amount numeric(10,2) not null, id bigint generated by default as identity, order_date timestamp(6) not null, user_id bigint not null, status varchar(255) not null check (status in ('PENDING','CONFIRMED','SHIPPED','DELIVERED','CANCELLED')), primary key (id))
Hibernate: create table orders (total_amount numeric(10,2) not null, id bigint generated by default as identity, order_date timestamp(6) not null, user_id bigint not null, status varchar(255) not null check (status in ('PENDING','CONFIRMED','SHIPPED','DELIVERED','CANCELLED')), primary key (id))
2025-09-26 23:01:30 - create table products (price numeric(10,2) not null, stock_quantity integer not null, created_at timestamp(6) not null, id bigint generated by default as identity, description varchar(1000), image_url varchar(255), name varchar(255) not null, primary key (id))
Hibernate: create table products (price numeric(10,2) not null, stock_quantity integer not null, created_at timestamp(6) not null, id bigint generated by default as identity, description varchar(1000), image_url varchar(255), name varchar(255) not null, primary key (id))
2025-09-26 23:01:30 - create table users (account_non_expired boolean, account_non_locked boolean, credentials_non_expired boolean, enabled boolean, created_at timestamp(6) not null, id bigint generated by default as identity, email varchar(255) not null unique, password varchar(255) not null, role varchar(255) not null check (role in ('USER','ADMIN')), username varchar(255) not null unique, primary key (id))
Hibernate: create table users (account_non_expired boolean, account_non_locked boolean, credentials_non_expired boolean, enabled boolean, created_at timestamp(6) not null, id bigint generated by default as identity, email varchar(255) not null unique, password varchar(255) not null, role varchar(255) not null check (role in ('USER','ADMIN')), username varchar(255) not null unique, primary key (id))
2025-09-26 23:01:30 - alter table if exists cart add constraint FKpu4bcbluhsxagirmbdn7dilm5 foreign key (product_id) references products
Hibernate: alter table if exists cart add constraint FKpu4bcbluhsxagirmbdn7dilm5 foreign key (product_id) references products
2025-09-26 23:01:30 - alter table if exists cart add constraint FKg5uhi8vpsuy0lgloxk2h4w5o6 foreign key (user_id) references users
Hibernate: alter table if exists cart add constraint FKg5uhi8vpsuy0lgloxk2h4w5o6 foreign key (user_id) references users
2025-09-26 23:01:30 - alter table if exists order_items add constraint FKbioxgbv59vetrxe0ejfubep1w foreign key (order_id) references orders
Hibernate: alter table if exists order_items add constraint FKbioxgbv59vetrxe0ejfubep1w foreign key (order_id) references orders
2025-09-26 23:01:30 - alter table if exists order_items add constraint FKocimc7dtr037rh4ls4l95nlfi foreign key (product_id) references products
Hibernate: alter table if exists order_items add constraint FKocimc7dtr037rh4ls4l95nlfi foreign key (product_id) references products
2025-09-26 23:01:30 - alter table if exists orders add constraint FK32ql8ubntj5uh44ph9659tiih foreign key (user_id) references users
Hibernate: alter table if exists orders add constraint FK32ql8ubntj5uh44ph9659tiih foreign key (user_id) references users
2025-09-26 23:01:30 - Initialized JPA EntityManagerFactory for persistence unit 'default'
2025-09-26 23:01:30 - Hibernate is in classpath; If applicable, HQL parser will be used.
2025-09-26 23:01:30 - Started ProductRepositoryTest in 1.364 seconds (process running for 1.785)
2025-09-26 23:01:30 - /* <criteria> */ select p1_0.id,p1_0.created_at,p1_0.description,p1_0.image_url,p1_0.name,p1_0.price,p1_0.stock_quantity from products p1_0
Hibernate: /* <criteria> */ select p1_0.id,p1_0.created_at,p1_0.description,p1_0.image_url,p1_0.name,p1_0.price,p1_0.stock_quantity from products p1_0
2025-09-26 23:01:30 - /* delete for com.ecommerce.entity.Product */delete from products where id=?
Hibernate: /* delete for com.ecommerce.entity.Product */delete from products where id=?
2025-09-26 23:01:30 - /* delete for com.ecommerce.entity.Product */delete from products where id=?
Hibernate: /* delete for com.ecommerce.entity.Product */delete from products where id=?
2025-09-26 23:01:30 - /* delete for com.ecommerce.entity.Product */delete from products where id=?
Hibernate: /* delete for com.ecommerce.entity.Product */delete from products where id=?
2025-09-26 23:01:30 - /* delete for com.ecommerce.entity.Product */delete from products where id=?
Hibernate: /* delete for com.ecommerce.entity.Product */delete from products where id=?
2025-09-26 23:01:30 - /* delete for com.ecommerce.entity.Product */delete from products where id=?
Hibernate: /* delete for com.ecommerce.entity.Product */delete from products where id=?
2025-09-26 23:01:30 - /* delete for com.ecommerce.entity.Product */delete from products where id=?
Hibernate: /* delete for com.ecommerce.entity.Product */delete from products where id=?
2025-09-26 23:01:30 - /* delete for com.ecommerce.entity.Product */delete from products where id=?
Hibernate: /* delete for com.ecommerce.entity.Product */delete from products where id=?
2025-09-26 23:01:30 - /* delete for com.ecommerce.entity.Product */delete from products where id=?
Hibernate: /* delete for com.ecommerce.entity.Product */delete from products where id=?
2025-09-26 23:01:30 - /* delete for com.ecommerce.entity.Product */delete from products where id=?
Hibernate: /* delete for com.ecommerce.entity.Product */delete from products where id=?
2025-09-26 23:01:30 - /* delete for com.ecommerce.entity.Product */delete from products where id=?
Hibernate: /* delete for com.ecommerce.entity.Product */delete from products where id=?
2025-09-26 23:01:30 - /* insert for com.ecommerce.entity.Product */insert into products (created_at,description,image_url,name,price,stock_quantity,id) values (?,?,?,?,?,?,default)
Hibernate: /* insert for com.ecommerce.entity.Product */insert into products (created_at,description,image_url,name,price,stock_quantity,id) values (?,?,?,?,?,?,default)
2025-09-26 23:01:30 - /* insert for com.ecommerce.entity.Product */insert into products (created_at,description,image_url,name,price,stock_quantity,id) values (?,?,?,?,?,?,default)
Hibernate: /* insert for com.ecommerce.entity.Product */insert into products (created_at,description,image_url,name,price,stock_quantity,id) values (?,?,?,?,?,?,default)
2025-09-26 23:01:30 - /* insert for com.ecommerce.entity.Product */insert into products (created_at,description,image_url,name,price,stock_quantity,id) values (?,?,?,?,?,?,default)
Hibernate: /* insert for com.ecommerce.entity.Product */insert into products (created_at,description,image_url,name,price,stock_quantity,id) values (?,?,?,?,?,?,default)
2025-09-26 23:01:30 - /* SELECT p FROM Product p WHERE p.name ILIKE :searchTerm OR p.description ILIKE :searchTerm */ select p1_0.id,p1_0.created_at,p1_0.description,p1_0.image_url,p1_0.name,p1_0.price,p1_0.stock_quantity from products p1_0 where lower(p1_0.name) like lower(?) escape '' or lower(p1_0.description) like lower(?) escape ''
Hibernate: /* SELECT p FROM Product p WHERE p.name ILIKE :searchTerm OR p.description ILIKE :searchTerm */ select p1_0.id,p1_0.created_at,p1_0.description,p1_0.image_url,p1_0.name,p1_0.price,p1_0.stock_quantity from products p1_0 where lower(p1_0.name) like lower(?) escape '' or lower(p1_0.description) like lower(?) escape ''
]]></system-out>
    <system-err><![CDATA[WARNING: A Java agent has been loaded dynamically (/Users/hariparthu/.m2/repository/net/bytebuddy/byte-buddy-agent/1.14.10/byte-buddy-agent-1.14.10.jar)
WARNING: If a serviceability tool is in use, please run with -XX:+EnableDynamicAgentLoading to hide this warning
WARNING: If a serviceability tool is not in use, please run with -Djdk.instrument.traceUsage for more information
WARNING: Dynamic loading of agents will be disallowed by default in a future release
]]></system-err>
  </testcase>
  <testcase name="testFindByPriceBetween" classname="com.ecommerce.repository.ProductRepositoryTest" time="0.01">
    <system-out><![CDATA[2025-09-26 23:01:30 - /* <criteria> */ select p1_0.id,p1_0.created_at,p1_0.description,p1_0.image_url,p1_0.name,p1_0.price,p1_0.stock_quantity from products p1_0
Hibernate: /* <criteria> */ select p1_0.id,p1_0.created_at,p1_0.description,p1_0.image_url,p1_0.name,p1_0.price,p1_0.stock_quantity from products p1_0
2025-09-26 23:01:30 - /* delete for com.ecommerce.entity.Product */delete from products where id=?
Hibernate: /* delete for com.ecommerce.entity.Product */delete from products where id=?
2025-09-26 23:01:30 - /* delete for com.ecommerce.entity.Product */delete from products where id=?
Hibernate: /* delete for com.ecommerce.entity.Product */delete from products where id=?
2025-09-26 23:01:30 - /* delete for com.ecommerce.entity.Product */delete from products where id=?
Hibernate: /* delete for com.ecommerce.entity.Product */delete from products where id=?
2025-09-26 23:01:30 - /* delete for com.ecommerce.entity.Product */delete from products where id=?
Hibernate: /* delete for com.ecommerce.entity.Product */delete from products where id=?
2025-09-26 23:01:30 - /* delete for com.ecommerce.entity.Product */delete from products where id=?
Hibernate: /* delete for com.ecommerce.entity.Product */delete from products where id=?
2025-09-26 23:01:30 - /* delete for com.ecommerce.entity.Product */delete from products where id=?
Hibernate: /* delete for com.ecommerce.entity.Product */delete from products where id=?
2025-09-26 23:01:30 - /* delete for com.ecommerce.entity.Product */delete from products where id=?
Hibernate: /* delete for com.ecommerce.entity.Product */delete from products where id=?
2025-09-26 23:01:30 - /* delete for com.ecommerce.entity.Product */delete from products where id=?
Hibernate: /* delete for com.ecommerce.entity.Product */delete from products where id=?
2025-09-26 23:01:30 - /* delete for com.ecommerce.entity.Product */delete from products where id=?
Hibernate: /* delete for com.ecommerce.entity.Product */delete from products where id=?
2025-09-26 23:01:30 - /* delete for com.ecommerce.entity.Product */delete from products where id=?
Hibernate: /* delete for com.ecommerce.entity.Product */delete from products where id=?
2025-09-26 23:01:30 - /* insert for com.ecommerce.entity.Product */insert into products (created_at,description,image_url,name,price,stock_quantity,id) values (?,?,?,?,?,?,default)
Hibernate: /* insert for com.ecommerce.entity.Product */insert into products (created_at,description,image_url,name,price,stock_quantity,id) values (?,?,?,?,?,?,default)
2025-09-26 23:01:30 - /* insert for com.ecommerce.entity.Product */insert into products (created_at,description,image_url,name,price,stock_quantity,id) values (?,?,?,?,?,?,default)
Hibernate: /* insert for com.ecommerce.entity.Product */insert into products (created_at,description,image_url,name,price,stock_quantity,id) values (?,?,?,?,?,?,default)
2025-09-26 23:01:30 - /* insert for com.ecommerce.entity.Product */insert into products (created_at,description,image_url,name,price,stock_quantity,id) values (?,?,?,?,?,?,default)
Hibernate: /* insert for com.ecommerce.entity.Product */insert into products (created_at,description,image_url,name,price,stock_quantity,id) values (?,?,?,?,?,?,default)
2025-09-26 23:01:30 - /* SELECT p FROM Product p WHERE p.price BETWEEN :minPrice AND :maxPrice */ select p1_0.id,p1_0.created_at,p1_0.description,p1_0.image_url,p1_0.name,p1_0.price,p1_0.stock_quantity from products p1_0 where p1_0.price between ? and ?
Hibernate: /* SELECT p FROM Product p WHERE p.price BETWEEN :minPrice AND :maxPrice */ select p1_0.id,p1_0.created_at,p1_0.description,p1_0.image_url,p1_0.name,p1_0.price,p1_0.stock_quantity from products p1_0 where p1_0.price between ? and ?
]]></system-out>
  </testcase>
  <testcase name="testSearchProductsNoMatch" classname="com.ecommerce.repository.ProductRepositoryTest" time="0.009">
    <system-out><![CDATA[2025-09-26 23:01:30 - /* <criteria> */ select p1_0.id,p1_0.created_at,p1_0.description,p1_0.image_url,p1_0.name,p1_0.price,p1_0.stock_quantity from products p1_0
Hibernate: /* <criteria> */ select p1_0.id,p1_0.created_at,p1_0.description,p1_0.image_url,p1_0.name,p1_0.price,p1_0.stock_quantity from products p1_0
2025-09-26 23:01:30 - /* delete for com.ecommerce.entity.Product */delete from products where id=?
Hibernate: /* delete for com.ecommerce.entity.Product */delete from products where id=?
2025-09-26 23:01:30 - /* delete for com.ecommerce.entity.Product */delete from products where id=?
Hibernate: /* delete for com.ecommerce.entity.Product */delete from products where id=?
2025-09-26 23:01:30 - /* delete for com.ecommerce.entity.Product */delete from products where id=?
Hibernate: /* delete for com.ecommerce.entity.Product */delete from products where id=?
2025-09-26 23:01:30 - /* delete for com.ecommerce.entity.Product */delete from products where id=?
Hibernate: /* delete for com.ecommerce.entity.Product */delete from products where id=?
2025-09-26 23:01:30 - /* delete for com.ecommerce.entity.Product */delete from products where id=?
Hibernate: /* delete for com.ecommerce.entity.Product */delete from products where id=?
2025-09-26 23:01:30 - /* delete for com.ecommerce.entity.Product */delete from products where id=?
Hibernate: /* delete for com.ecommerce.entity.Product */delete from products where id=?
2025-09-26 23:01:30 - /* delete for com.ecommerce.entity.Product */delete from products where id=?
Hibernate: /* delete for com.ecommerce.entity.Product */delete from products where id=?
2025-09-26 23:01:30 - /* delete for com.ecommerce.entity.Product */delete from products where id=?
Hibernate: /* delete for com.ecommerce.entity.Product */delete from products where id=?
2025-09-26 23:01:30 - /* delete for com.ecommerce.entity.Product */delete from products where id=?
Hibernate: /* delete for com.ecommerce.entity.Product */delete from products where id=?
2025-09-26 23:01:30 - /* delete for com.ecommerce.entity.Product */delete from products where id=?
Hibernate: /* delete for com.ecommerce.entity.Product */delete from products where id=?
2025-09-26 23:01:30 - /* insert for com.ecommerce.entity.Product */insert into products (created_at,description,image_url,name,price,stock_quantity,id) values (?,?,?,?,?,?,default)
Hibernate: /* insert for com.ecommerce.entity.Product */insert into products (created_at,description,image_url,name,price,stock_quantity,id) values (?,?,?,?,?,?,default)
2025-09-26 23:01:30 - /* insert for com.ecommerce.entity.Product */insert into products (created_at,description,image_url,name,price,stock_quantity,id) values (?,?,?,?,?,?,default)
Hibernate: /* insert for com.ecommerce.entity.Product */insert into products (created_at,description,image_url,name,price,stock_quantity,id) values (?,?,?,?,?,?,default)
2025-09-26 23:01:30 - /* insert for com.ecommerce.entity.Product */insert into products (created_at,description,image_url,name,price,stock_quantity,id) values (?,?,?,?,?,?,default)
Hibernate: /* insert for com.ecommerce.entity.Product */insert into products (created_at,description,image_url,name,price,stock_quantity,id) values (?,?,?,?,?,?,default)
2025-09-26 23:01:30 - /* SELECT p FROM Product p WHERE p.name ILIKE :searchTerm OR p.description ILIKE :searchTerm */ select p1_0.id,p1_0.created_at,p1_0.description,p1_0.image_url,p1_0.name,p1_0.price,p1_0.stock_quantity from products p1_0 where lower(p1_0.name) like lower(?) escape '' or lower(p1_0.description) like lower(?) escape ''
Hibernate: /* SELECT p FROM Product p WHERE p.name ILIKE :searchTerm OR p.description ILIKE :searchTerm */ select p1_0.id,p1_0.created_at,p1_0.description,p1_0.image_url,p1_0.name,p1_0.price,p1_0.stock_quantity from products p1_0 where lower(p1_0.name) like lower(?) escape '' or lower(p1_0.description) like lower(?) escape ''
]]></system-out>
  </testcase>
  <testcase name="testFindAll" classname="com.ecommerce.repository.ProductRepositoryTest" time="0.01">
    <system-out><![CDATA[2025-09-26 23:01:30 - /* <criteria> */ select p1_0.id,p1_0.created_at,p1_0.description,p1_0.image_url,p1_0.name,p1_0.price,p1_0.stock_quantity from products p1_0
Hibernate: /* <criteria> */ select p1_0.id,p1_0.created_at,p1_0.description,p1_0.image_url,p1_0.name,p1_0.price,p1_0.stock_quantity from products p1_0
2025-09-26 23:01:30 - /* delete for com.ecommerce.entity.Product */delete from products where id=?
Hibernate: /* delete for com.ecommerce.entity.Product */delete from products where id=?
2025-09-26 23:01:30 - /* delete for com.ecommerce.entity.Product */delete from products where id=?
Hibernate: /* delete for com.ecommerce.entity.Product */delete from products where id=?
2025-09-26 23:01:30 - /* delete for com.ecommerce.entity.Product */delete from products where id=?
Hibernate: /* delete for com.ecommerce.entity.Product */delete from products where id=?
2025-09-26 23:01:30 - /* delete for com.ecommerce.entity.Product */delete from products where id=?
Hibernate: /* delete for com.ecommerce.entity.Product */delete from products where id=?
2025-09-26 23:01:30 - /* delete for com.ecommerce.entity.Product */delete from products where id=?
Hibernate: /* delete for com.ecommerce.entity.Product */delete from products where id=?
2025-09-26 23:01:30 - /* delete for com.ecommerce.entity.Product */delete from products where id=?
Hibernate: /* delete for com.ecommerce.entity.Product */delete from products where id=?
2025-09-26 23:01:30 - /* delete for com.ecommerce.entity.Product */delete from products where id=?
Hibernate: /* delete for com.ecommerce.entity.Product */delete from products where id=?
2025-09-26 23:01:30 - /* delete for com.ecommerce.entity.Product */delete from products where id=?
Hibernate: /* delete for com.ecommerce.entity.Product */delete from products where id=?
2025-09-26 23:01:30 - /* delete for com.ecommerce.entity.Product */delete from products where id=?
Hibernate: /* delete for com.ecommerce.entity.Product */delete from products where id=?
2025-09-26 23:01:30 - /* delete for com.ecommerce.entity.Product */delete from products where id=?
Hibernate: /* delete for com.ecommerce.entity.Product */delete from products where id=?
2025-09-26 23:01:30 - /* insert for com.ecommerce.entity.Product */insert into products (created_at,description,image_url,name,price,stock_quantity,id) values (?,?,?,?,?,?,default)
Hibernate: /* insert for com.ecommerce.entity.Product */insert into products (created_at,description,image_url,name,price,stock_quantity,id) values (?,?,?,?,?,?,default)
2025-09-26 23:01:30 - /* insert for com.ecommerce.entity.Product */insert into products (created_at,description,image_url,name,price,stock_quantity,id) values (?,?,?,?,?,?,default)
Hibernate: /* insert for com.ecommerce.entity.Product */insert into products (created_at,description,image_url,name,price,stock_quantity,id) values (?,?,?,?,?,?,default)
2025-09-26 23:01:30 - /* insert for com.ecommerce.entity.Product */insert into products (created_at,description,image_url,name,price,stock_quantity,id) values (?,?,?,?,?,?,default)
Hibernate: /* insert for com.ecommerce.entity.Product */insert into products (created_at,description,image_url,name,price,stock_quantity,id) values (?,?,?,?,?,?,default)
2025-09-26 23:01:30 - /* <criteria> */ select p1_0.id,p1_0.created_at,p1_0.description,p1_0.image_url,p1_0.name,p1_0.price,p1_0.stock_quantity from products p1_0
Hibernate: /* <criteria> */ select p1_0.id,p1_0.created_at,p1_0.description,p1_0.image_url,p1_0.name,p1_0.price,p1_0.stock_quantity from products p1_0
]]></system-out>
  </testcase>
  <testcase name="testCount" classname="com.ecommerce.repository.ProductRepositoryTest" time="0.011">
    <system-out><![CDATA[2025-09-26 23:01:30 - /* <criteria> */ select p1_0.id,p1_0.created_at,p1_0.description,p1_0.image_url,p1_0.name,p1_0.price,p1_0.stock_quantity from products p1_0
Hibernate: /* <criteria> */ select p1_0.id,p1_0.created_at,p1_0.description,p1_0.image_url,p1_0.name,p1_0.price,p1_0.stock_quantity from products p1_0
2025-09-26 23:01:30 - /* delete for com.ecommerce.entity.Product */delete from products where id=?
Hibernate: /* delete for com.ecommerce.entity.Product */delete from products where id=?
2025-09-26 23:01:30 - /* delete for com.ecommerce.entity.Product */delete from products where id=?
Hibernate: /* delete for com.ecommerce.entity.Product */delete from products where id=?
2025-09-26 23:01:30 - /* delete for com.ecommerce.entity.Product */delete from products where id=?
Hibernate: /* delete for com.ecommerce.entity.Product */delete from products where id=?
2025-09-26 23:01:30 - /* delete for com.ecommerce.entity.Product */delete from products where id=?
Hibernate: /* delete for com.ecommerce.entity.Product */delete from products where id=?
2025-09-26 23:01:30 - /* delete for com.ecommerce.entity.Product */delete from products where id=?
Hibernate: /* delete for com.ecommerce.entity.Product */delete from products where id=?
2025-09-26 23:01:30 - /* delete for com.ecommerce.entity.Product */delete from products where id=?
Hibernate: /* delete for com.ecommerce.entity.Product */delete from products where id=?
2025-09-26 23:01:30 - /* delete for com.ecommerce.entity.Product */delete from products where id=?
Hibernate: /* delete for com.ecommerce.entity.Product */delete from products where id=?
2025-09-26 23:01:30 - /* delete for com.ecommerce.entity.Product */delete from products where id=?
Hibernate: /* delete for com.ecommerce.entity.Product */delete from products where id=?
2025-09-26 23:01:30 - /* delete for com.ecommerce.entity.Product */delete from products where id=?
Hibernate: /* delete for com.ecommerce.entity.Product */delete from products where id=?
2025-09-26 23:01:30 - /* delete for com.ecommerce.entity.Product */delete from products where id=?
Hibernate: /* delete for com.ecommerce.entity.Product */delete from products where id=?
2025-09-26 23:01:30 - /* insert for com.ecommerce.entity.Product */insert into products (created_at,description,image_url,name,price,stock_quantity,id) values (?,?,?,?,?,?,default)
Hibernate: /* insert for com.ecommerce.entity.Product */insert into products (created_at,description,image_url,name,price,stock_quantity,id) values (?,?,?,?,?,?,default)
2025-09-26 23:01:30 - /* insert for com.ecommerce.entity.Product */insert into products (created_at,description,image_url,name,price,stock_quantity,id) values (?,?,?,?,?,?,default)
Hibernate: /* insert for com.ecommerce.entity.Product */insert into products (created_at,description,image_url,name,price,stock_quantity,id) values (?,?,?,?,?,?,default)
2025-09-26 23:01:30 - /* insert for com.ecommerce.entity.Product */insert into products (created_at,description,image_url,name,price,stock_quantity,id) values (?,?,?,?,?,?,default)
Hibernate: /* insert for com.ecommerce.entity.Product */insert into products (created_at,description,image_url,name,price,stock_quantity,id) values (?,?,?,?,?,?,default)
2025-09-26 23:01:30 - /* select count(*) from Product x */ select count(*) from products p1_0
Hibernate: /* select count(*) from Product x */ select count(*) from products p1_0
]]></system-out>
  </testcase>
  <testcase name="testFindLowStockProducts" classname="com.ecommerce.repository.ProductRepositoryTest" time="0.01">
    <system-out><![CDATA[2025-09-26 23:01:30 - /* <criteria> */ select p1_0.id,p1_0.created_at,p1_0.description,p1_0.image_url,p1_0.name,p1_0.price,p1_0.stock_quantity from products p1_0
Hibernate: /* <criteria> */ select p1_0.id,p1_0.created_at,p1_0.description,p1_0.image_url,p1_0.name,p1_0.price,p1_0.stock_quantity from products p1_0
2025-09-26 23:01:30 - /* delete for com.ecommerce.entity.Product */delete from products where id=?
Hibernate: /* delete for com.ecommerce.entity.Product */delete from products where id=?
2025-09-26 23:01:30 - /* delete for com.ecommerce.entity.Product */delete from products where id=?
Hibernate: /* delete for com.ecommerce.entity.Product */delete from products where id=?
2025-09-26 23:01:30 - /* delete for com.ecommerce.entity.Product */delete from products where id=?
Hibernate: /* delete for com.ecommerce.entity.Product */delete from products where id=?
2025-09-26 23:01:30 - /* delete for com.ecommerce.entity.Product */delete from products where id=?
Hibernate: /* delete for com.ecommerce.entity.Product */delete from products where id=?
2025-09-26 23:01:30 - /* delete for com.ecommerce.entity.Product */delete from products where id=?
Hibernate: /* delete for com.ecommerce.entity.Product */delete from products where id=?
2025-09-26 23:01:30 - /* delete for com.ecommerce.entity.Product */delete from products where id=?
Hibernate: /* delete for com.ecommerce.entity.Product */delete from products where id=?
2025-09-26 23:01:30 - /* delete for com.ecommerce.entity.Product */delete from products where id=?
Hibernate: /* delete for com.ecommerce.entity.Product */delete from products where id=?
2025-09-26 23:01:30 - /* delete for com.ecommerce.entity.Product */delete from products where id=?
Hibernate: /* delete for com.ecommerce.entity.Product */delete from products where id=?
2025-09-26 23:01:30 - /* delete for com.ecommerce.entity.Product */delete from products where id=?
Hibernate: /* delete for com.ecommerce.entity.Product */delete from products where id=?
2025-09-26 23:01:30 - /* delete for com.ecommerce.entity.Product */delete from products where id=?
Hibernate: /* delete for com.ecommerce.entity.Product */delete from products where id=?
2025-09-26 23:01:30 - /* insert for com.ecommerce.entity.Product */insert into products (created_at,description,image_url,name,price,stock_quantity,id) values (?,?,?,?,?,?,default)
Hibernate: /* insert for com.ecommerce.entity.Product */insert into products (created_at,description,image_url,name,price,stock_quantity,id) values (?,?,?,?,?,?,default)
2025-09-26 23:01:30 - /* insert for com.ecommerce.entity.Product */insert into products (created_at,description,image_url,name,price,stock_quantity,id) values (?,?,?,?,?,?,default)
Hibernate: /* insert for com.ecommerce.entity.Product */insert into products (created_at,description,image_url,name,price,stock_quantity,id) values (?,?,?,?,?,?,default)
2025-09-26 23:01:30 - /* insert for com.ecommerce.entity.Product */insert into products (created_at,description,image_url,name,price,stock_quantity,id) values (?,?,?,?,?,?,default)
Hibernate: /* insert for com.ecommerce.entity.Product */insert into products (created_at,description,image_url,name,price,stock_quantity,id) values (?,?,?,?,?,?,default)
2025-09-26 23:01:30 - /* SELECT p FROM Product p WHERE p.stockQuantity <= :threshold */ select p1_0.id,p1_0.created_at,p1_0.description,p1_0.image_url,p1_0.name,p1_0.price,p1_0.stock_quantity from products p1_0 where p1_0.stock_quantity<=?
Hibernate: /* SELECT p FROM Product p WHERE p.stockQuantity <= :threshold */ select p1_0.id,p1_0.created_at,p1_0.description,p1_0.image_url,p1_0.name,p1_0.price,p1_0.stock_quantity from products p1_0 where p1_0.stock_quantity<=?
]]></system-out>
  </testcase>
  <testcase name="testBasicCrudOperations" classname="com.ecommerce.repository.ProductRepositoryTest" time="0.011">
    <system-out><![CDATA[2025-09-26 23:01:30 - /* <criteria> */ select p1_0.id,p1_0.created_at,p1_0.description,p1_0.image_url,p1_0.name,p1_0.price,p1_0.stock_quantity from products p1_0
Hibernate: /* <criteria> */ select p1_0.id,p1_0.created_at,p1_0.description,p1_0.image_url,p1_0.name,p1_0.price,p1_0.stock_quantity from products p1_0
2025-09-26 23:01:30 - /* delete for com.ecommerce.entity.Product */delete from products where id=?
Hibernate: /* delete for com.ecommerce.entity.Product */delete from products where id=?
2025-09-26 23:01:30 - /* delete for com.ecommerce.entity.Product */delete from products where id=?
Hibernate: /* delete for com.ecommerce.entity.Product */delete from products where id=?
2025-09-26 23:01:30 - /* delete for com.ecommerce.entity.Product */delete from products where id=?
Hibernate: /* delete for com.ecommerce.entity.Product */delete from products where id=?
2025-09-26 23:01:30 - /* delete for com.ecommerce.entity.Product */delete from products where id=?
Hibernate: /* delete for com.ecommerce.entity.Product */delete from products where id=?
2025-09-26 23:01:30 - /* delete for com.ecommerce.entity.Product */delete from products where id=?
Hibernate: /* delete for com.ecommerce.entity.Product */delete from products where id=?
2025-09-26 23:01:30 - /* delete for com.ecommerce.entity.Product */delete from products where id=?
Hibernate: /* delete for com.ecommerce.entity.Product */delete from products where id=?
2025-09-26 23:01:30 - /* delete for com.ecommerce.entity.Product */delete from products where id=?
Hibernate: /* delete for com.ecommerce.entity.Product */delete from products where id=?
2025-09-26 23:01:30 - /* delete for com.ecommerce.entity.Product */delete from products where id=?
Hibernate: /* delete for com.ecommerce.entity.Product */delete from products where id=?
2025-09-26 23:01:30 - /* delete for com.ecommerce.entity.Product */delete from products where id=?
Hibernate: /* delete for com.ecommerce.entity.Product */delete from products where id=?
2025-09-26 23:01:30 - /* delete for com.ecommerce.entity.Product */delete from products where id=?
Hibernate: /* delete for com.ecommerce.entity.Product */delete from products where id=?
2025-09-26 23:01:30 - /* insert for com.ecommerce.entity.Product */insert into products (created_at,description,image_url,name,price,stock_quantity,id) values (?,?,?,?,?,?,default)
Hibernate: /* insert for com.ecommerce.entity.Product */insert into products (created_at,description,image_url,name,price,stock_quantity,id) values (?,?,?,?,?,?,default)
2025-09-26 23:01:30 - /* insert for com.ecommerce.entity.Product */insert into products (created_at,description,image_url,name,price,stock_quantity,id) values (?,?,?,?,?,?,default)
Hibernate: /* insert for com.ecommerce.entity.Product */insert into products (created_at,description,image_url,name,price,stock_quantity,id) values (?,?,?,?,?,?,default)
2025-09-26 23:01:30 - /* insert for com.ecommerce.entity.Product */insert into products (created_at,description,image_url,name,price,stock_quantity,id) values (?,?,?,?,?,?,default)
Hibernate: /* insert for com.ecommerce.entity.Product */insert into products (created_at,description,image_url,name,price,stock_quantity,id) values (?,?,?,?,?,?,default)
2025-09-26 23:01:30 - /* insert for com.ecommerce.entity.Product */insert into products (created_at,description,image_url,name,price,stock_quantity,id) values (?,?,?,?,?,?,default)
Hibernate: /* insert for com.ecommerce.entity.Product */insert into products (created_at,description,image_url,name,price,stock_quantity,id) values (?,?,?,?,?,?,default)
]]></system-out>
  </testcase>
  <testcase name="testExistsById" classname="com.ecommerce.repository.ProductRepositoryTest" time="0.011">
    <system-out><![CDATA[2025-09-26 23:01:30 - /* <criteria> */ select p1_0.id,p1_0.created_at,p1_0.description,p1_0.image_url,p1_0.name,p1_0.price,p1_0.stock_quantity from products p1_0
Hibernate: /* <criteria> */ select p1_0.id,p1_0.created_at,p1_0.description,p1_0.image_url,p1_0.name,p1_0.price,p1_0.stock_quantity from products p1_0
2025-09-26 23:01:30 - /* delete for com.ecommerce.entity.Product */delete from products where id=?
Hibernate: /* delete for com.ecommerce.entity.Product */delete from products where id=?
2025-09-26 23:01:30 - /* delete for com.ecommerce.entity.Product */delete from products where id=?
Hibernate: /* delete for com.ecommerce.entity.Product */delete from products where id=?
2025-09-26 23:01:30 - /* delete for com.ecommerce.entity.Product */delete from products where id=?
Hibernate: /* delete for com.ecommerce.entity.Product */delete from products where id=?
2025-09-26 23:01:30 - /* delete for com.ecommerce.entity.Product */delete from products where id=?
Hibernate: /* delete for com.ecommerce.entity.Product */delete from products where id=?
2025-09-26 23:01:30 - /* delete for com.ecommerce.entity.Product */delete from products where id=?
Hibernate: /* delete for com.ecommerce.entity.Product */delete from products where id=?
2025-09-26 23:01:30 - /* delete for com.ecommerce.entity.Product */delete from products where id=?
Hibernate: /* delete for com.ecommerce.entity.Product */delete from products where id=?
2025-09-26 23:01:30 - /* delete for com.ecommerce.entity.Product */delete from products where id=?
Hibernate: /* delete for com.ecommerce.entity.Product */delete from products where id=?
2025-09-26 23:01:30 - /* delete for com.ecommerce.entity.Product */delete from products where id=?
Hibernate: /* delete for com.ecommerce.entity.Product */delete from products where id=?
2025-09-26 23:01:30 - /* delete for com.ecommerce.entity.Product */delete from products where id=?
Hibernate: /* delete for com.ecommerce.entity.Product */delete from products where id=?
2025-09-26 23:01:30 - /* delete for com.ecommerce.entity.Product */delete from products where id=?
Hibernate: /* delete for com.ecommerce.entity.Product */delete from products where id=?
2025-09-26 23:01:30 - /* insert for com.ecommerce.entity.Product */insert into products (created_at,description,image_url,name,price,stock_quantity,id) values (?,?,?,?,?,?,default)
Hibernate: /* insert for com.ecommerce.entity.Product */insert into products (created_at,description,image_url,name,price,stock_quantity,id) values (?,?,?,?,?,?,default)
2025-09-26 23:01:30 - /* insert for com.ecommerce.entity.Product */insert into products (created_at,description,image_url,name,price,stock_quantity,id) values (?,?,?,?,?,?,default)
Hibernate: /* insert for com.ecommerce.entity.Product */insert into products (created_at,description,image_url,name,price,stock_quantity,id) values (?,?,?,?,?,?,default)
2025-09-26 23:01:30 - /* insert for com.ecommerce.entity.Product */insert into products (created_at,description,image_url,name,price,stock_quantity,id) values (?,?,?,?,?,?,default)
Hibernate: /* insert for com.ecommerce.entity.Product */insert into products (created_at,description,image_url,name,price,stock_quantity,id) values (?,?,?,?,?,?,default)
2025-09-26 23:01:30 - /* select count(*) from Product x WHERE x.id = :id */ select count(*) from products p1_0 where p1_0.id=?
Hibernate: /* select count(*) from Product x WHERE x.id = :id */ select count(*) from products p1_0 where p1_0.id=?
2025-09-26 23:01:30 - /* select count(*) from Product x WHERE x.id = :id */ select count(*) from products p1_0 where p1_0.id=?
Hibernate: /* select count(*) from Product x WHERE x.id = :id */ select count(*) from products p1_0 where p1_0.id=?
]]></system-out>
  </testcase>
  <testcase name="testSearchProducts" classname="com.ecommerce.repository.ProductRepositoryTest" time="0.008">
    <system-out><![CDATA[2025-09-26 23:01:30 - /* <criteria> */ select p1_0.id,p1_0.created_at,p1_0.description,p1_0.image_url,p1_0.name,p1_0.price,p1_0.stock_quantity from products p1_0
Hibernate: /* <criteria> */ select p1_0.id,p1_0.created_at,p1_0.description,p1_0.image_url,p1_0.name,p1_0.price,p1_0.stock_quantity from products p1_0
2025-09-26 23:01:30 - /* delete for com.ecommerce.entity.Product */delete from products where id=?
Hibernate: /* delete for com.ecommerce.entity.Product */delete from products where id=?
2025-09-26 23:01:30 - /* delete for com.ecommerce.entity.Product */delete from products where id=?
Hibernate: /* delete for com.ecommerce.entity.Product */delete from products where id=?
2025-09-26 23:01:30 - /* delete for com.ecommerce.entity.Product */delete from products where id=?
Hibernate: /* delete for com.ecommerce.entity.Product */delete from products where id=?
2025-09-26 23:01:30 - /* delete for com.ecommerce.entity.Product */delete from products where id=?
Hibernate: /* delete for com.ecommerce.entity.Product */delete from products where id=?
2025-09-26 23:01:30 - /* delete for com.ecommerce.entity.Product */delete from products where id=?
Hibernate: /* delete for com.ecommerce.entity.Product */delete from products where id=?
2025-09-26 23:01:30 - /* delete for com.ecommerce.entity.Product */delete from products where id=?
Hibernate: /* delete for com.ecommerce.entity.Product */delete from products where id=?
2025-09-26 23:01:30 - /* delete for com.ecommerce.entity.Product */delete from products where id=?
Hibernate: /* delete for com.ecommerce.entity.Product */delete from products where id=?
2025-09-26 23:01:30 - /* delete for com.ecommerce.entity.Product */delete from products where id=?
Hibernate: /* delete for com.ecommerce.entity.Product */delete from products where id=?
2025-09-26 23:01:30 - /* delete for com.ecommerce.entity.Product */delete from products where id=?
Hibernate: /* delete for com.ecommerce.entity.Product */delete from products where id=?
2025-09-26 23:01:30 - /* delete for com.ecommerce.entity.Product */delete from products where id=?
Hibernate: /* delete for com.ecommerce.entity.Product */delete from products where id=?
2025-09-26 23:01:30 - /* insert for com.ecommerce.entity.Product */insert into products (created_at,description,image_url,name,price,stock_quantity,id) values (?,?,?,?,?,?,default)
Hibernate: /* insert for com.ecommerce.entity.Product */insert into products (created_at,description,image_url,name,price,stock_quantity,id) values (?,?,?,?,?,?,default)
2025-09-26 23:01:30 - /* insert for com.ecommerce.entity.Product */insert into products (created_at,description,image_url,name,price,stock_quantity,id) values (?,?,?,?,?,?,default)
Hibernate: /* insert for com.ecommerce.entity.Product */insert into products (created_at,description,image_url,name,price,stock_quantity,id) values (?,?,?,?,?,?,default)
2025-09-26 23:01:30 - /* insert for com.ecommerce.entity.Product */insert into products (created_at,description,image_url,name,price,stock_quantity,id) values (?,?,?,?,?,?,default)
Hibernate: /* insert for com.ecommerce.entity.Product */insert into products (created_at,description,image_url,name,price,stock_quantity,id) values (?,?,?,?,?,?,default)
2025-09-26 23:01:30 - /* SELECT p FROM Product p WHERE p.name ILIKE :searchTerm OR p.description ILIKE :searchTerm */ select p1_0.id,p1_0.created_at,p1_0.description,p1_0.image_url,p1_0.name,p1_0.price,p1_0.stock_quantity from products p1_0 where lower(p1_0.name) like lower(?) escape '' or lower(p1_0.description) like lower(?) escape ''
Hibernate: /* SELECT p FROM Product p WHERE p.name ILIKE :searchTerm OR p.description ILIKE :searchTerm */ select p1_0.id,p1_0.created_at,p1_0.description,p1_0.image_url,p1_0.name,p1_0.price,p1_0.stock_quantity from products p1_0 where lower(p1_0.name) like lower(?) escape '' or lower(p1_0.description) like lower(?) escape ''
]]></system-out>
  </testcase>
  <testcase name="testFindByNameContainingIgnoreCase" classname="com.ecommerce.repository.ProductRepositoryTest" time="0.009">
    <system-out><![CDATA[2025-09-26 23:01:30 - /* <criteria> */ select p1_0.id,p1_0.created_at,p1_0.description,p1_0.image_url,p1_0.name,p1_0.price,p1_0.stock_quantity from products p1_0
Hibernate: /* <criteria> */ select p1_0.id,p1_0.created_at,p1_0.description,p1_0.image_url,p1_0.name,p1_0.price,p1_0.stock_quantity from products p1_0
2025-09-26 23:01:30 - /* delete for com.ecommerce.entity.Product */delete from products where id=?
Hibernate: /* delete for com.ecommerce.entity.Product */delete from products where id=?
2025-09-26 23:01:30 - /* delete for com.ecommerce.entity.Product */delete from products where id=?
Hibernate: /* delete for com.ecommerce.entity.Product */delete from products where id=?
2025-09-26 23:01:30 - /* delete for com.ecommerce.entity.Product */delete from products where id=?
Hibernate: /* delete for com.ecommerce.entity.Product */delete from products where id=?
2025-09-26 23:01:30 - /* delete for com.ecommerce.entity.Product */delete from products where id=?
Hibernate: /* delete for com.ecommerce.entity.Product */delete from products where id=?
2025-09-26 23:01:30 - /* delete for com.ecommerce.entity.Product */delete from products where id=?
Hibernate: /* delete for com.ecommerce.entity.Product */delete from products where id=?
2025-09-26 23:01:30 - /* delete for com.ecommerce.entity.Product */delete from products where id=?
Hibernate: /* delete for com.ecommerce.entity.Product */delete from products where id=?
2025-09-26 23:01:30 - /* delete for com.ecommerce.entity.Product */delete from products where id=?
Hibernate: /* delete for com.ecommerce.entity.Product */delete from products where id=?
2025-09-26 23:01:30 - /* delete for com.ecommerce.entity.Product */delete from products where id=?
Hibernate: /* delete for com.ecommerce.entity.Product */delete from products where id=?
2025-09-26 23:01:30 - /* delete for com.ecommerce.entity.Product */delete from products where id=?
Hibernate: /* delete for com.ecommerce.entity.Product */delete from products where id=?
2025-09-26 23:01:30 - /* delete for com.ecommerce.entity.Product */delete from products where id=?
Hibernate: /* delete for com.ecommerce.entity.Product */delete from products where id=?
2025-09-26 23:01:30 - /* insert for com.ecommerce.entity.Product */insert into products (created_at,description,image_url,name,price,stock_quantity,id) values (?,?,?,?,?,?,default)
Hibernate: /* insert for com.ecommerce.entity.Product */insert into products (created_at,description,image_url,name,price,stock_quantity,id) values (?,?,?,?,?,?,default)
2025-09-26 23:01:30 - /* insert for com.ecommerce.entity.Product */insert into products (created_at,description,image_url,name,price,stock_quantity,id) values (?,?,?,?,?,?,default)
Hibernate: /* insert for com.ecommerce.entity.Product */insert into products (created_at,description,image_url,name,price,stock_quantity,id) values (?,?,?,?,?,?,default)
2025-09-26 23:01:30 - /* insert for com.ecommerce.entity.Product */insert into products (created_at,description,image_url,name,price,stock_quantity,id) values (?,?,?,?,?,?,default)
Hibernate: /* insert for com.ecommerce.entity.Product */insert into products (created_at,description,image_url,name,price,stock_quantity,id) values (?,?,?,?,?,?,default)
2025-09-26 23:01:30 - /* SELECT p FROM Product p WHERE p.name ILIKE :name */ select p1_0.id,p1_0.created_at,p1_0.description,p1_0.image_url,p1_0.name,p1_0.price,p1_0.stock_quantity from products p1_0 where lower(p1_0.name) like lower(?) escape ''
Hibernate: /* SELECT p FROM Product p WHERE p.name ILIKE :name */ select p1_0.id,p1_0.created_at,p1_0.description,p1_0.image_url,p1_0.name,p1_0.price,p1_0.stock_quantity from products p1_0 where lower(p1_0.name) like lower(?) escape ''
]]></system-out>
  </testcase>
  <testcase name="testFindByNameContainingIgnoreCaseNoMatch" classname="com.ecommerce.repository.ProductRepositoryTest" time="0.007">
    <system-out><![CDATA[2025-09-26 23:01:30 - /* <criteria> */ select p1_0.id,p1_0.created_at,p1_0.description,p1_0.image_url,p1_0.name,p1_0.price,p1_0.stock_quantity from products p1_0
Hibernate: /* <criteria> */ select p1_0.id,p1_0.created_at,p1_0.description,p1_0.image_url,p1_0.name,p1_0.price,p1_0.stock_quantity from products p1_0
2025-09-26 23:01:30 - /* delete for com.ecommerce.entity.Product */delete from products where id=?
Hibernate: /* delete for com.ecommerce.entity.Product */delete from products where id=?
2025-09-26 23:01:30 - /* delete for com.ecommerce.entity.Product */delete from products where id=?
Hibernate: /* delete for com.ecommerce.entity.Product */delete from products where id=?
2025-09-26 23:01:30 - /* delete for com.ecommerce.entity.Product */delete from products where id=?
Hibernate: /* delete for com.ecommerce.entity.Product */delete from products where id=?
2025-09-26 23:01:30 - /* delete for com.ecommerce.entity.Product */delete from products where id=?
Hibernate: /* delete for com.ecommerce.entity.Product */delete from products where id=?
2025-09-26 23:01:30 - /* delete for com.ecommerce.entity.Product */delete from products where id=?
Hibernate: /* delete for com.ecommerce.entity.Product */delete from products where id=?
2025-09-26 23:01:30 - /* delete for com.ecommerce.entity.Product */delete from products where id=?
Hibernate: /* delete for com.ecommerce.entity.Product */delete from products where id=?
2025-09-26 23:01:30 - /* delete for com.ecommerce.entity.Product */delete from products where id=?
Hibernate: /* delete for com.ecommerce.entity.Product */delete from products where id=?
2025-09-26 23:01:30 - /* delete for com.ecommerce.entity.Product */delete from products where id=?
Hibernate: /* delete for com.ecommerce.entity.Product */delete from products where id=?
2025-09-26 23:01:30 - /* delete for com.ecommerce.entity.Product */delete from products where id=?
Hibernate: /* delete for com.ecommerce.entity.Product */delete from products where id=?
2025-09-26 23:01:30 - /* delete for com.ecommerce.entity.Product */delete from products where id=?
Hibernate: /* delete for com.ecommerce.entity.Product */delete from products where id=?
2025-09-26 23:01:30 - /* insert for com.ecommerce.entity.Product */insert into products (created_at,description,image_url,name,price,stock_quantity,id) values (?,?,?,?,?,?,default)
Hibernate: /* insert for com.ecommerce.entity.Product */insert into products (created_at,description,image_url,name,price,stock_quantity,id) values (?,?,?,?,?,?,default)
2025-09-26 23:01:30 - /* insert for com.ecommerce.entity.Product */insert into products (created_at,description,image_url,name,price,stock_quantity,id) values (?,?,?,?,?,?,default)
Hibernate: /* insert for com.ecommerce.entity.Product */insert into products (created_at,description,image_url,name,price,stock_quantity,id) values (?,?,?,?,?,?,default)
2025-09-26 23:01:30 - /* insert for com.ecommerce.entity.Product */insert into products (created_at,description,image_url,name,price,stock_quantity,id) values (?,?,?,?,?,?,default)
Hibernate: /* insert for com.ecommerce.entity.Product */insert into products (created_at,description,image_url,name,price,stock_quantity,id) values (?,?,?,?,?,?,default)
2025-09-26 23:01:30 - /* SELECT p FROM Product p WHERE p.name ILIKE :name */ select p1_0.id,p1_0.created_at,p1_0.description,p1_0.image_url,p1_0.name,p1_0.price,p1_0.stock_quantity from products p1_0 where lower(p1_0.name) like lower(?) escape ''
Hibernate: /* SELECT p FROM Product p WHERE p.name ILIKE :name */ select p1_0.id,p1_0.created_at,p1_0.description,p1_0.image_url,p1_0.name,p1_0.price,p1_0.stock_quantity from products p1_0 where lower(p1_0.name) like lower(?) escape ''
]]></system-out>
  </testcase>
  <testcase name="testFindAllInStock" classname="com.ecommerce.repository.ProductRepositoryTest" time="0.009">
    <system-out><![CDATA[2025-09-26 23:01:30 - /* <criteria> */ select p1_0.id,p1_0.created_at,p1_0.description,p1_0.image_url,p1_0.name,p1_0.price,p1_0.stock_quantity from products p1_0
Hibernate: /* <criteria> */ select p1_0.id,p1_0.created_at,p1_0.description,p1_0.image_url,p1_0.name,p1_0.price,p1_0.stock_quantity from products p1_0
2025-09-26 23:01:30 - /* delete for com.ecommerce.entity.Product */delete from products where id=?
Hibernate: /* delete for com.ecommerce.entity.Product */delete from products where id=?
2025-09-26 23:01:30 - /* delete for com.ecommerce.entity.Product */delete from products where id=?
Hibernate: /* delete for com.ecommerce.entity.Product */delete from products where id=?
2025-09-26 23:01:30 - /* delete for com.ecommerce.entity.Product */delete from products where id=?
Hibernate: /* delete for com.ecommerce.entity.Product */delete from products where id=?
2025-09-26 23:01:30 - /* delete for com.ecommerce.entity.Product */delete from products where id=?
Hibernate: /* delete for com.ecommerce.entity.Product */delete from products where id=?
2025-09-26 23:01:30 - /* delete for com.ecommerce.entity.Product */delete from products where id=?
Hibernate: /* delete for com.ecommerce.entity.Product */delete from products where id=?
2025-09-26 23:01:30 - /* delete for com.ecommerce.entity.Product */delete from products where id=?
Hibernate: /* delete for com.ecommerce.entity.Product */delete from products where id=?
2025-09-26 23:01:30 - /* delete for com.ecommerce.entity.Product */delete from products where id=?
Hibernate: /* delete for com.ecommerce.entity.Product */delete from products where id=?
2025-09-26 23:01:30 - /* delete for com.ecommerce.entity.Product */delete from products where id=?
Hibernate: /* delete for com.ecommerce.entity.Product */delete from products where id=?
2025-09-26 23:01:30 - /* delete for com.ecommerce.entity.Product */delete from products where id=?
Hibernate: /* delete for com.ecommerce.entity.Product */delete from products where id=?
2025-09-26 23:01:30 - /* delete for com.ecommerce.entity.Product */delete from products where id=?
Hibernate: /* delete for com.ecommerce.entity.Product */delete from products where id=?
2025-09-26 23:01:30 - /* insert for com.ecommerce.entity.Product */insert into products (created_at,description,image_url,name,price,stock_quantity,id) values (?,?,?,?,?,?,default)
Hibernate: /* insert for com.ecommerce.entity.Product */insert into products (created_at,description,image_url,name,price,stock_quantity,id) values (?,?,?,?,?,?,default)
2025-09-26 23:01:30 - /* insert for com.ecommerce.entity.Product */insert into products (created_at,description,image_url,name,price,stock_quantity,id) values (?,?,?,?,?,?,default)
Hibernate: /* insert for com.ecommerce.entity.Product */insert into products (created_at,description,image_url,name,price,stock_quantity,id) values (?,?,?,?,?,?,default)
2025-09-26 23:01:30 - /* insert for com.ecommerce.entity.Product */insert into products (created_at,description,image_url,name,price,stock_quantity,id) values (?,?,?,?,?,?,default)
Hibernate: /* insert for com.ecommerce.entity.Product */insert into products (created_at,description,image_url,name,price,stock_quantity,id) values (?,?,?,?,?,?,default)
2025-09-26 23:01:30 - /* SELECT p FROM Product p WHERE p.stockQuantity > 0 */ select p1_0.id,p1_0.created_at,p1_0.description,p1_0.image_url,p1_0.name,p1_0.price,p1_0.stock_quantity from products p1_0 where p1_0.stock_quantity>0
Hibernate: /* SELECT p FROM Product p WHERE p.stockQuantity > 0 */ select p1_0.id,p1_0.created_at,p1_0.description,p1_0.image_url,p1_0.name,p1_0.price,p1_0.stock_quantity from products p1_0 where p1_0.stock_quantity>0
]]></system-out>
  </testcase>
  <testcase name="testFindAllOrderByCreatedAtDesc" classname="com.ecommerce.repository.ProductRepositoryTest" time="0.009">
    <system-out><![CDATA[2025-09-26 23:01:30 - /* <criteria> */ select p1_0.id,p1_0.created_at,p1_0.description,p1_0.image_url,p1_0.name,p1_0.price,p1_0.stock_quantity from products p1_0
Hibernate: /* <criteria> */ select p1_0.id,p1_0.created_at,p1_0.description,p1_0.image_url,p1_0.name,p1_0.price,p1_0.stock_quantity from products p1_0
2025-09-26 23:01:30 - /* delete for com.ecommerce.entity.Product */delete from products where id=?
Hibernate: /* delete for com.ecommerce.entity.Product */delete from products where id=?
2025-09-26 23:01:30 - /* delete for com.ecommerce.entity.Product */delete from products where id=?
Hibernate: /* delete for com.ecommerce.entity.Product */delete from products where id=?
2025-09-26 23:01:30 - /* delete for com.ecommerce.entity.Product */delete from products where id=?
Hibernate: /* delete for com.ecommerce.entity.Product */delete from products where id=?
2025-09-26 23:01:30 - /* delete for com.ecommerce.entity.Product */delete from products where id=?
Hibernate: /* delete for com.ecommerce.entity.Product */delete from products where id=?
2025-09-26 23:01:30 - /* delete for com.ecommerce.entity.Product */delete from products where id=?
Hibernate: /* delete for com.ecommerce.entity.Product */delete from products where id=?
2025-09-26 23:01:30 - /* delete for com.ecommerce.entity.Product */delete from products where id=?
Hibernate: /* delete for com.ecommerce.entity.Product */delete from products where id=?
2025-09-26 23:01:30 - /* delete for com.ecommerce.entity.Product */delete from products where id=?
Hibernate: /* delete for com.ecommerce.entity.Product */delete from products where id=?
2025-09-26 23:01:30 - /* delete for com.ecommerce.entity.Product */delete from products where id=?
Hibernate: /* delete for com.ecommerce.entity.Product */delete from products where id=?
2025-09-26 23:01:30 - /* delete for com.ecommerce.entity.Product */delete from products where id=?
Hibernate: /* delete for com.ecommerce.entity.Product */delete from products where id=?
2025-09-26 23:01:30 - /* delete for com.ecommerce.entity.Product */delete from products where id=?
Hibernate: /* delete for com.ecommerce.entity.Product */delete from products where id=?
2025-09-26 23:01:30 - /* insert for com.ecommerce.entity.Product */insert into products (created_at,description,image_url,name,price,stock_quantity,id) values (?,?,?,?,?,?,default)
Hibernate: /* insert for com.ecommerce.entity.Product */insert into products (created_at,description,image_url,name,price,stock_quantity,id) values (?,?,?,?,?,?,default)
2025-09-26 23:01:30 - /* insert for com.ecommerce.entity.Product */insert into products (created_at,description,image_url,name,price,stock_quantity,id) values (?,?,?,?,?,?,default)
Hibernate: /* insert for com.ecommerce.entity.Product */insert into products (created_at,description,image_url,name,price,stock_quantity,id) values (?,?,?,?,?,?,default)
2025-09-26 23:01:30 - /* insert for com.ecommerce.entity.Product */insert into products (created_at,description,image_url,name,price,stock_quantity,id) values (?,?,?,?,?,?,default)
Hibernate: /* insert for com.ecommerce.entity.Product */insert into products (created_at,description,image_url,name,price,stock_quantity,id) values (?,?,?,?,?,?,default)
2025-09-26 23:01:30 - /* SELECT p FROM Product p ORDER BY p.createdAt DESC */ select p1_0.id,p1_0.created_at,p1_0.description,p1_0.image_url,p1_0.name,p1_0.price,p1_0.stock_quantity from products p1_0 order by p1_0.created_at desc
Hibernate: /* SELECT p FROM Product p ORDER BY p.createdAt DESC */ select p1_0.id,p1_0.created_at,p1_0.description,p1_0.image_url,p1_0.name,p1_0.price,p1_0.stock_quantity from products p1_0 order by p1_0.created_at desc
]]></system-out>
  </testcase>
</testsuite>